%!Adobe-FontList 1.23
%Locale:0xc0a

%BeginFont
Handler:DirectoryHandler
FontType:TrueType
FontName:THELASTKINGDOM
FamilyName:THE LAST KINGDOM
StyleName:Regular
FullName:THE LAST KINGDOM
MenuName:THE LAST KINGDOM
StyleBits:0
WritingScript:Roman
OutlineFileName:C:\Users\Usuario\Downloads\renovacion portofolio\Document fonts\THE LAST KINGDOM.ttf
DataFormat:sfntData
hasSVG:no
VariableFontType:NonVariableFont
FileLength:37000
FileModTime:1617131410
WeightClass:400
WidthClass:5
AngleClass:0
NameArray:0,Win,1,THE LAST KINGDOM
%EndFont

